<?xml version="1.0" encoding="UTF-8"?>
<!-- Generated by org.testng.reporters.JUnitReportReporter -->
<testsuite hostname="iTechindNB043" failures="0" tests="1" name="Runner.TestRunner" time="95.637" errors="0" timestamp="2023-11-22T16:40:53 IST" skipped="0">
  <testcase classname="Runner.TestRunner" name="runScenario" time="95.637"/>
  <system-out/>
</testsuite> <!-- Runner.TestRunner -->
